-------------------------------------------------------------------------------
Test set: api.PatientApiTest
-------------------------------------------------------------------------------
Tests run: 9, Failures: 6, Errors: 0, Skipped: 3, Time elapsed: 3.122 s <<< FAILURE! -- in api.PatientApiTest
api.PatientApiTest.validCredentials_sessionReturnsAuthenticatedTrue -- Time elapsed: 1.039 s <<< FAILURE!
java.lang.AssertionError: 
1 expectation failed.
XML path authenticated doesn't match.
Expected: <true>
  Actual: <nullnullnullnullnull
		:root {
			--primary-color: #F26522;
			--secondary-color: #5B57A6;
			--background-color: #ecf3f7;
			--success-color: #4CAF50;
			--error-color: #f44336;
			--warning-color: #ff9800;
			--text-color: #333333;
			--openmrs-logo-color: #246B63;
		}

        * {
            margin: 0;
            padding: 0;
            box-sizing: border-box;
            font-family: "Roboto", sans-serif;
        }

        body {
            background: var(--background-color);
            color: var(--text-color);
            padding: 20px;
        }

        .header-container {
            max-width: 1200px;
            margin: 0 auto;
            padding: 20px;
        }

        .logo-section {
            display: flex;
            align-items: center;
            gap: 20px;
            margin-bottom: 30px;
        }

        .logo {
            width: 100px;
            height: 98px;
            background-image: url(images/openmrs_logo_white.gif);
            background-repeat: no-repeat;
            background-size: contain;
        }

        .header-bar {
            background: var(--openmrs-logo-color);
            border-radius: 8px;
            padding: 15px 25px;
            text-align: center;
            color: white;
            font-size: 1.5rem;
            font-weight: 500;
            box-shadow: 0 3px 5px #246B63;
            min-width: 930px;
    		margin-right: 600px;
        }

        .message-container {
            margin: 20px 0;
        }

        .openmrs_error {
            padding: 15px;
            background-color: #ffebee;
            border-left: 4px solid var(--error-color);
            border-radius: 8px;
            margin-bottom: 10px;
            box-shadow: 0 2px 4px rgba(0,0,0,0.05);
            color: #c62828;
        }

        ul {
            padding-left: 20px;
        }

        li {
            margin-bottom: 8px;
        }
    null
                The OpenMRS server is not able to start
            OpenMRS Application Startup FailedThe following error occurred at startup:Unable to start OpenMRS. Error thrown was: Should not be here because updates were run previouslyShow DetailsCopy Stacktraceorg.openmrs.module.ModuleException: Unable to start OpenMRS. Error thrown was: Should not be here because updates were run previously
	at org.openmrs.web.WebDaemon.lambda$startOpenmrs$0(WebDaemon.java:44)
	at org.openmrs.api.context.Daemon.lambda$runInDaemonThreadInternal$5(Daemon.java:489)
	at java.base/java.util.concurrent.Executors$RunnableAdapter.call(Executors.java:572)
	at java.base/java.util.concurrent.FutureTask.run(FutureTask.java:317)
	at java.base/java.util.concurrent.ThreadPoolExecutor.runWorker(ThreadPoolExecutor.java:1144)
	at java.base/java.util.concurrent.ThreadPoolExecutor$Worker.run(ThreadPoolExecutor.java:642)
	at java.base/java.lang.Thread.run(Thread.java:1583)
Caused by: javax.servlet.ServletException: Should not be here because updates were run previously
	at org.openmrs.web.Listener.startOpenmrs(Listener.java:350)
	at org.openmrs.web.WebDaemon.lambda$startOpenmrs$0(WebDaemon.java:42)
	... 6 more
Caused by: org.openmrs.util.DatabaseUpdateException: There was an error while updating the database to the latest. file: org/openmrs/liquibase/updates/liquibase-update-to-latest-2.0.x.xml. Error: liquibase.exception.LiquibaseException: Unable to execute change set: liquibase-update-to-latest.xml::20090402-1517::bwolfe
	at org.openmrs.util.DatabaseUpdater.executeChangelog(DatabaseUpdater.java:193)
	at org.openmrs.util.DatabaseUpdater.executeChangelog(DatabaseUpdater.java:153)
	at org.openmrs.api.context.Context.checkForDatabaseUpdates(Context.java:1310)
	at org.openmrs.api.context.Context.startup(Context.java:1013)
	at org.openmrs.web.Listener.startOpenmrs(Listener.java:347)
	... 7 more
Caused by: liquibase.exception.LiquibaseException: liquibase.exception.LiquibaseException: Unable to execute change set: liquibase-update-to-latest.xml::20090402-1517::bwolfe
	at liquibase.changelog.ChangeLogIterator.run(ChangeLogIterator.java:155)
	at org.openmrs.util.DatabaseUpdater.executeChangelog(DatabaseUpdater.java:245)
	at org.openmrs.util.DatabaseUpdater.executeChangelog(DatabaseUpdater.java:189)
	... 11 more
Caused by: liquibase.exception.LiquibaseException: Unable to execute change set: liquibase-update-to-latest.xml::20090402-1517::bwolfe
	at org.openmrs.util.DatabaseUpdater$OpenmrsUpdateVisitor.visit(DatabaseUpdater.java:882)
	at liquibase.changelog.ChangeLogIterator.lambda$run$0(ChangeLogIterator.java:133)
	at liquibase.Scope.lambda$child$0(Scope.java:216)
	at liquibase.Scope.child(Scope.java:225)
	at liquibase.Scope.child(Scope.java:215)
	at liquibase.Scope.child(Scope.java:194)
	at liquibase.changelog.ChangeLogIterator.lambda$run$1(ChangeLogIterator.java:122)
	at liquibase.Scope.lambda$child$0(Scope.java:216)
	at liquibase.Scope.child(Scope.java:225)
	at liquibase.Scope.child(Scope.java:215)
	at liquibase.Scope.child(Scope.java:194)
	at liquibase.Scope.child(Scope.java:282)
	at liquibase.Scope.child(Scope.java:286)
	at liquibase.changelog.ChangeLogIterator.run(ChangeLogIterator.java:91)
	... 13 more
Caused by: liquibase.exception.MigrationFailedException: Migration failed for changeset liquibase-update-to-latest.xml::20090402-1517::bwolfe:
     Reason: liquibase.exception.UnexpectedLiquibaseException: liquibase.exception.CustomChangeException: java.sql.SQLSyntaxErrorException: Table 'openmrs-db.relationship' doesn't exist
	at liquibase.changelog.ChangeSet.execute(ChangeSet.java:845)
	at liquibase.changelog.visitor.UpdateVisitor.executeAcceptedChange(UpdateVisitor.java:127)
	at liquibase.changelog.visitor.UpdateVisitor.visit(UpdateVisitor.java:71)
	at org.openmrs.util.DatabaseUpdater$OpenmrsUpdateVisitor.visit(DatabaseUpdater.java:879)
	... 26 more
Caused by: liquibase.exception.UnexpectedLiquibaseException: liquibase.exception.CustomChangeException: java.sql.SQLSyntaxErrorException: Table 'openmrs-db.relationship' doesn't exist
	at liquibase.change.custom.CustomChangeWrapper.generateStatements(CustomChangeWrapper.java:176)
	at liquibase.executor.AbstractExecutor.execute(AbstractExecutor.java:134)
	at liquibase.database.AbstractJdbcDatabase.executeStatements(AbstractJdbcDatabase.java:1198)
	at liquibase.changelog.ChangeSet.execute(ChangeSet.java:793)
	... 29 more
Caused by: liquibase.exception.CustomChangeException: java.sql.SQLSyntaxErrorException: Table 'openmrs-db.relationship' doesn't exist
	at org.openmrs.util.databasechange.GenerateUuid.execute(GenerateUuid.java:118)
	at liquibase.change.custom.CustomChangeWrapper.generateStatements(CustomChangeWrapper.java:170)
	... 32 more
Caused by: java.sql.SQLSyntaxErrorException: Table 'openmrs-db.relationship' doesn't exist
	at com.mysql.cj.jdbc.exceptions.SQLError.createSQLException(SQLError.java:120)
	at com.mysql.cj.jdbc.exceptions.SQLExceptionsMapping.translateException(SQLExceptionsMapping.java:122)
	at com.mysql.cj.jdbc.StatementImpl.executeInternal(StatementImpl.java:763)
	at com.mysql.cj.jdbc.StatementImpl.execute(StatementImpl.java:648)
	at org.openmrs.util.databasechange.GenerateUuid.execute(GenerateUuid.java:113)
	... 33 more

    const toggleButton = document.getElementById('toggle-details');
    const copyButton = document.getElementById('copy-stacktrace');
    const stacktrace = document.getElementById('stacktrace');
    const contentContainer = document.querySelector('.content-container');

    toggleButton.addEventListener('click', () => {
        stacktrace.classList.toggle('stacktrace-hidden');
        toggleButton.textContent = stacktrace.classList.contains('stacktrace-hidden') ? 'Show Details' : 'Hide Details';

        contentContainer.style.height = 'auto';
        requestAnimationFrame(() => {
            contentContainer.style.height = contentContainer.scrollHeight + "px";
        });
    });

    copyButton.addEventListener('click', () => {
        const text = stacktrace.textContent;
        navigator.clipboard.writeText(text).then(() => {
            copyButton.textContent = 'Copied to clipboard!';
            setTimeout(() => {
                copyButton.textContent = 'Copy Stacktrace';
            }, 1500);
        }).catch(() => {
            alert('Failed to copy stacktrace.');
        });
    });

    window.addEventListener('load', () => {
        contentContainer.style.height = contentContainer.scrollHeight + "px";
    });

    .content-container {
        width: 100%;
        max-width: 650px;
        background: white;
        border-radius: 12px;
        box-shadow: 0 4px 6px rgba(0, 0, 0, 0.1);
        padding: 2rem;
        overflow: hidden;
    }

    .form-container {
        display: flex;
        flex-direction: column;
        gap: 1.5rem;
    }

    .form-title {
        font-size: 1.5rem;
        font-weight: 500;
        color: var(--text-color);
        text-align: center;
        margin: 0 0 1rem;
    }

    .button-secondary {
		background-color: var(--openmrs-logo-color);
		color: white;
		padding: 10px 20px;
		border: none;
		border-radius: 10px;
		font-size: 1rem;
		cursor: pointer;
		margin: 0.5rem 0.5rem 0 0;
	}

    .error-box {
        background: #fff0f0;
        border: 1px solid #f5c2c7;
        padding: 1rem;
        border-radius: 8px;
        color: red;
        display: flex;
        flex-direction: column;
        gap: 1rem;
        word-wrap: break-word;
        overflow-wrap: break-word;
        overflow: hidden;
    }

    .error-message {
        font-weight: bold;
        font-size: 1.1rem;
    }

    .error-description {
        font-size: 1rem;
    }

    .stacktrace-hidden {
        display: none;
        max-height: 0;
        padding: 0;
        margin: 0;
        border: none;
        overflow: hidden;
    }

    #stacktrace {
        background: #f8f9fa;
        color: var(--text-color);
        padding: 1rem;
        border-radius: 8px;
        overflow-x: auto;
        font-size: 0.9rem;
        max-height: 300px;
        margin-top: 1rem;
        border: 1px solid #ddd;
    }
nullWebsite|Wiki|Community
            © OpenMRS. All rights reserved.
        
    body {
        margin: 0;
        padding: 0;
        min-height: 100vh;
        display: flex;
        flex-direction: column;
        padding-bottom: 120px;
    }

    .app-footer {
        background-color: #f8f9fa;
        border-top: 1px solid #e0e0e0;
        padding: 1rem 0;
        position: fixed;
        bottom: 0;
        width: 100%;
        z-index: 100;
        height: 100px;
    }

    .footer-content {
        max-width: 1200px;
        margin: 0 auto;
        padding: 0 1.5rem;
        display: flex;
        flex-direction: column;
        align-items: center;
        gap: 0.75rem;
    }

    .footer-logo {
        margin-bottom: 0.5rem;
    }

    .logo-image {
        height: 30px;
        width: auto;
    }

    .footer-links {
        display: flex;
        align-items: center;
        gap: 1rem;
    }

    .footer-link {
        color: var(--text-color);
        text-decoration: none;
        font-size: 0.9rem;
        transition: color 0.2s ease;
    }

    .footer-link:hover {
        color: var(--primary-color);
    }

    .footer-divider {
        color: #ccc;
    }

    .footer-copyright {
        font-size: 0.8rem;
    }

    .content-container {
        max-width: 600px;
        margin: 0 auto;
        padding: 1.5rem;
        background: white;
        border-radius: 12px;
        box-shadow: 0 2px 4px rgba(0,0,0,0.05);
        margin-bottom: 20px;
        overflow-y: auto;
        max-height: calc(100vh - 180px);
    }

    @media (max-width: 768px) {
        body {
            padding-bottom: 140px;
        }

        .footer-content {
            padding: 0 1rem;
        }

        .footer-links {
            flex-wrap: wrap;
            justify-content: center;
        }

        .content-container {
            margin: 1rem;
            max-height: calc(100vh - 200px);
        }
    }
>

	at java.base/jdk.internal.reflect.DirectConstructorHandleAccessor.newInstance(DirectConstructorHandleAccessor.java:62)
	at java.base/java.lang.reflect.Constructor.newInstanceWithCaller(Constructor.java:499)
	at java.base/java.lang.reflect.Constructor.newInstance(Constructor.java:483)
	at org.codehaus.groovy.reflection.CachedConstructor.invoke(CachedConstructor.java:73)
	at org.codehaus.groovy.runtime.callsite.ConstructorSite$ConstructorSiteNoUnwrapNoCoerce.callConstructor(ConstructorSite.java:108)
	at org.codehaus.groovy.runtime.callsite.CallSiteArray.defaultCallConstructor(CallSiteArray.java:57)
	at org.codehaus.groovy.runtime.callsite.AbstractCallSite.callConstructor(AbstractCallSite.java:263)
	at org.codehaus.groovy.runtime.callsite.AbstractCallSite.callConstructor(AbstractCallSite.java:277)
	at io.restassured.internal.ResponseSpecificationImpl$HamcrestAssertionClosure.validate(ResponseSpecificationImpl.groovy:512)
	at io.restassured.internal.ResponseSpecificationImpl$HamcrestAssertionClosure$validate$1.call(Unknown Source)
	at io.restassured.internal.ResponseSpecificationImpl.validateResponseIfRequired(ResponseSpecificationImpl.groovy:696)
	at io.restassured.internal.ResponseSpecificationImpl.this$2$validateResponseIfRequired(ResponseSpecificationImpl.groovy)
	at java.base/jdk.internal.reflect.DirectMethodHandleAccessor.invoke(DirectMethodHandleAccessor.java:104)
	at java.base/java.lang.reflect.Method.invoke(Method.java:565)
	at org.codehaus.groovy.runtime.callsite.PlainObjectMetaMethodSite.doInvoke(PlainObjectMetaMethodSite.java:43)
	at org.codehaus.groovy.runtime.callsite.PogoMetaMethodSite$PogoCachedMethodSiteNoUnwrapNoCoerce.invoke(PogoMetaMethodSite.java:198)
	at org.codehaus.groovy.runtime.callsite.PogoMetaMethodSite.callCurrent(PogoMetaMethodSite.java:62)
	at org.codehaus.groovy.runtime.callsite.CallSiteArray.defaultCallCurrent(CallSiteArray.java:49)
	at org.codehaus.groovy.runtime.callsite.AbstractCallSite.callCurrent(AbstractCallSite.java:171)
	at org.codehaus.groovy.runtime.callsite.AbstractCallSite.callCurrent(AbstractCallSite.java:185)
	at io.restassured.internal.ResponseSpecificationImpl.body(ResponseSpecificationImpl.groovy:270)
	at io.restassured.specification.ResponseSpecification$body$1.callCurrent(Unknown Source)
	at org.codehaus.groovy.runtime.callsite.CallSiteArray.defaultCallCurrent(CallSiteArray.java:49)
	at org.codehaus.groovy.runtime.callsite.AbstractCallSite.callCurrent(AbstractCallSite.java:171)
	at org.codehaus.groovy.runtime.callsite.AbstractCallSite.callCurrent(AbstractCallSite.java:212)
	at io.restassured.internal.ResponseSpecificationImpl.body(ResponseSpecificationImpl.groovy:117)
	at io.restassured.internal.ValidatableResponseOptionsImpl.body(ValidatableResponseOptionsImpl.java:244)
	at api.PatientApiTest.validCredentials_sessionReturnsAuthenticatedTrue(PatientApiTest.java:104)
	at java.base/java.lang.reflect.Method.invoke(Method.java:565)
	at java.base/java.util.ArrayList.forEach(ArrayList.java:1604)
	at java.base/java.util.ArrayList.forEach(ArrayList.java:1604)

api.PatientApiTest.invalidCredentials_sessionReturnsAuthenticatedFalse -- Time elapsed: 0.485 s <<< FAILURE!
java.lang.AssertionError: 
1 expectation failed.
XML path authenticated doesn't match.
Expected: <false>
  Actual: <nullnullnullnullnull
		:root {
			--primary-color: #F26522;
			--secondary-color: #5B57A6;
			--background-color: #ecf3f7;
			--success-color: #4CAF50;
			--error-color: #f44336;
			--warning-color: #ff9800;
			--text-color: #333333;
			--openmrs-logo-color: #246B63;
		}

        * {
            margin: 0;
            padding: 0;
            box-sizing: border-box;
            font-family: "Roboto", sans-serif;
        }

        body {
            background: var(--background-color);
            color: var(--text-color);
            padding: 20px;
        }

        .header-container {
            max-width: 1200px;
            margin: 0 auto;
            padding: 20px;
        }

        .logo-section {
            display: flex;
            align-items: center;
            gap: 20px;
            margin-bottom: 30px;
        }

        .logo {
            width: 100px;
            height: 98px;
            background-image: url(images/openmrs_logo_white.gif);
            background-repeat: no-repeat;
            background-size: contain;
        }

        .header-bar {
            background: var(--openmrs-logo-color);
            border-radius: 8px;
            padding: 15px 25px;
            text-align: center;
            color: white;
            font-size: 1.5rem;
            font-weight: 500;
            box-shadow: 0 3px 5px #246B63;
            min-width: 930px;
    		margin-right: 600px;
        }

        .message-container {
            margin: 20px 0;
        }

        .openmrs_error {
            padding: 15px;
            background-color: #ffebee;
            border-left: 4px solid var(--error-color);
            border-radius: 8px;
            margin-bottom: 10px;
            box-shadow: 0 2px 4px rgba(0,0,0,0.05);
            color: #c62828;
        }

        ul {
            padding-left: 20px;
        }

        li {
            margin-bottom: 8px;
        }
    null
                The OpenMRS server is not able to start
            OpenMRS Application Startup FailedThe following error occurred at startup:Unable to start OpenMRS. Error thrown was: Should not be here because updates were run previouslyShow DetailsCopy Stacktraceorg.openmrs.module.ModuleException: Unable to start OpenMRS. Error thrown was: Should not be here because updates were run previously
	at org.openmrs.web.WebDaemon.lambda$startOpenmrs$0(WebDaemon.java:44)
	at org.openmrs.api.context.Daemon.lambda$runInDaemonThreadInternal$5(Daemon.java:489)
	at java.base/java.util.concurrent.Executors$RunnableAdapter.call(Executors.java:572)
	at java.base/java.util.concurrent.FutureTask.run(FutureTask.java:317)
	at java.base/java.util.concurrent.ThreadPoolExecutor.runWorker(ThreadPoolExecutor.java:1144)
	at java.base/java.util.concurrent.ThreadPoolExecutor$Worker.run(ThreadPoolExecutor.java:642)
	at java.base/java.lang.Thread.run(Thread.java:1583)
Caused by: javax.servlet.ServletException: Should not be here because updates were run previously
	at org.openmrs.web.Listener.startOpenmrs(Listener.java:350)
	at org.openmrs.web.WebDaemon.lambda$startOpenmrs$0(WebDaemon.java:42)
	... 6 more
Caused by: org.openmrs.util.DatabaseUpdateException: There was an error while updating the database to the latest. file: org/openmrs/liquibase/updates/liquibase-update-to-latest-2.0.x.xml. Error: liquibase.exception.LiquibaseException: Unable to execute change set: liquibase-update-to-latest.xml::20090402-1517::bwolfe
	at org.openmrs.util.DatabaseUpdater.executeChangelog(DatabaseUpdater.java:193)
	at org.openmrs.util.DatabaseUpdater.executeChangelog(DatabaseUpdater.java:153)
	at org.openmrs.api.context.Context.checkForDatabaseUpdates(Context.java:1310)
	at org.openmrs.api.context.Context.startup(Context.java:1013)
	at org.openmrs.web.Listener.startOpenmrs(Listener.java:347)
	... 7 more
Caused by: liquibase.exception.LiquibaseException: liquibase.exception.LiquibaseException: Unable to execute change set: liquibase-update-to-latest.xml::20090402-1517::bwolfe
	at liquibase.changelog.ChangeLogIterator.run(ChangeLogIterator.java:155)
	at org.openmrs.util.DatabaseUpdater.executeChangelog(DatabaseUpdater.java:245)
	at org.openmrs.util.DatabaseUpdater.executeChangelog(DatabaseUpdater.java:189)
	... 11 more
Caused by: liquibase.exception.LiquibaseException: Unable to execute change set: liquibase-update-to-latest.xml::20090402-1517::bwolfe
	at org.openmrs.util.DatabaseUpdater$OpenmrsUpdateVisitor.visit(DatabaseUpdater.java:882)
	at liquibase.changelog.ChangeLogIterator.lambda$run$0(ChangeLogIterator.java:133)
	at liquibase.Scope.lambda$child$0(Scope.java:216)
	at liquibase.Scope.child(Scope.java:225)
	at liquibase.Scope.child(Scope.java:215)
	at liquibase.Scope.child(Scope.java:194)
	at liquibase.changelog.ChangeLogIterator.lambda$run$1(ChangeLogIterator.java:122)
	at liquibase.Scope.lambda$child$0(Scope.java:216)
	at liquibase.Scope.child(Scope.java:225)
	at liquibase.Scope.child(Scope.java:215)
	at liquibase.Scope.child(Scope.java:194)
	at liquibase.Scope.child(Scope.java:282)
	at liquibase.Scope.child(Scope.java:286)
	at liquibase.changelog.ChangeLogIterator.run(ChangeLogIterator.java:91)
	... 13 more
Caused by: liquibase.exception.MigrationFailedException: Migration failed for changeset liquibase-update-to-latest.xml::20090402-1517::bwolfe:
     Reason: liquibase.exception.UnexpectedLiquibaseException: liquibase.exception.CustomChangeException: java.sql.SQLSyntaxErrorException: Table 'openmrs-db.relationship' doesn't exist
	at liquibase.changelog.ChangeSet.execute(ChangeSet.java:845)
	at liquibase.changelog.visitor.UpdateVisitor.executeAcceptedChange(UpdateVisitor.java:127)
	at liquibase.changelog.visitor.UpdateVisitor.visit(UpdateVisitor.java:71)
	at org.openmrs.util.DatabaseUpdater$OpenmrsUpdateVisitor.visit(DatabaseUpdater.java:879)
	... 26 more
Caused by: liquibase.exception.UnexpectedLiquibaseException: liquibase.exception.CustomChangeException: java.sql.SQLSyntaxErrorException: Table 'openmrs-db.relationship' doesn't exist
	at liquibase.change.custom.CustomChangeWrapper.generateStatements(CustomChangeWrapper.java:176)
	at liquibase.executor.AbstractExecutor.execute(AbstractExecutor.java:134)
	at liquibase.database.AbstractJdbcDatabase.executeStatements(AbstractJdbcDatabase.java:1198)
	at liquibase.changelog.ChangeSet.execute(ChangeSet.java:793)
	... 29 more
Caused by: liquibase.exception.CustomChangeException: java.sql.SQLSyntaxErrorException: Table 'openmrs-db.relationship' doesn't exist
	at org.openmrs.util.databasechange.GenerateUuid.execute(GenerateUuid.java:118)
	at liquibase.change.custom.CustomChangeWrapper.generateStatements(CustomChangeWrapper.java:170)
	... 32 more
Caused by: java.sql.SQLSyntaxErrorException: Table 'openmrs-db.relationship' doesn't exist
	at com.mysql.cj.jdbc.exceptions.SQLError.createSQLException(SQLError.java:120)
	at com.mysql.cj.jdbc.exceptions.SQLExceptionsMapping.translateException(SQLExceptionsMapping.java:122)
	at com.mysql.cj.jdbc.StatementImpl.executeInternal(StatementImpl.java:763)
	at com.mysql.cj.jdbc.StatementImpl.execute(StatementImpl.java:648)
	at org.openmrs.util.databasechange.GenerateUuid.execute(GenerateUuid.java:113)
	... 33 more

    const toggleButton = document.getElementById('toggle-details');
    const copyButton = document.getElementById('copy-stacktrace');
    const stacktrace = document.getElementById('stacktrace');
    const contentContainer = document.querySelector('.content-container');

    toggleButton.addEventListener('click', () => {
        stacktrace.classList.toggle('stacktrace-hidden');
        toggleButton.textContent = stacktrace.classList.contains('stacktrace-hidden') ? 'Show Details' : 'Hide Details';

        contentContainer.style.height = 'auto';
        requestAnimationFrame(() => {
            contentContainer.style.height = contentContainer.scrollHeight + "px";
        });
    });

    copyButton.addEventListener('click', () => {
        const text = stacktrace.textContent;
        navigator.clipboard.writeText(text).then(() => {
            copyButton.textContent = 'Copied to clipboard!';
            setTimeout(() => {
                copyButton.textContent = 'Copy Stacktrace';
            }, 1500);
        }).catch(() => {
            alert('Failed to copy stacktrace.');
        });
    });

    window.addEventListener('load', () => {
        contentContainer.style.height = contentContainer.scrollHeight + "px";
    });

    .content-container {
        width: 100%;
        max-width: 650px;
        background: white;
        border-radius: 12px;
        box-shadow: 0 4px 6px rgba(0, 0, 0, 0.1);
        padding: 2rem;
        overflow: hidden;
    }

    .form-container {
        display: flex;
        flex-direction: column;
        gap: 1.5rem;
    }

    .form-title {
        font-size: 1.5rem;
        font-weight: 500;
        color: var(--text-color);
        text-align: center;
        margin: 0 0 1rem;
    }

    .button-secondary {
		background-color: var(--openmrs-logo-color);
		color: white;
		padding: 10px 20px;
		border: none;
		border-radius: 10px;
		font-size: 1rem;
		cursor: pointer;
		margin: 0.5rem 0.5rem 0 0;
	}

    .error-box {
        background: #fff0f0;
        border: 1px solid #f5c2c7;
        padding: 1rem;
        border-radius: 8px;
        color: red;
        display: flex;
        flex-direction: column;
        gap: 1rem;
        word-wrap: break-word;
        overflow-wrap: break-word;
        overflow: hidden;
    }

    .error-message {
        font-weight: bold;
        font-size: 1.1rem;
    }

    .error-description {
        font-size: 1rem;
    }

    .stacktrace-hidden {
        display: none;
        max-height: 0;
        padding: 0;
        margin: 0;
        border: none;
        overflow: hidden;
    }

    #stacktrace {
        background: #f8f9fa;
        color: var(--text-color);
        padding: 1rem;
        border-radius: 8px;
        overflow-x: auto;
        font-size: 0.9rem;
        max-height: 300px;
        margin-top: 1rem;
        border: 1px solid #ddd;
    }
nullWebsite|Wiki|Community
            © OpenMRS. All rights reserved.
        
    body {
        margin: 0;
        padding: 0;
        min-height: 100vh;
        display: flex;
        flex-direction: column;
        padding-bottom: 120px;
    }

    .app-footer {
        background-color: #f8f9fa;
        border-top: 1px solid #e0e0e0;
        padding: 1rem 0;
        position: fixed;
        bottom: 0;
        width: 100%;
        z-index: 100;
        height: 100px;
    }

    .footer-content {
        max-width: 1200px;
        margin: 0 auto;
        padding: 0 1.5rem;
        display: flex;
        flex-direction: column;
        align-items: center;
        gap: 0.75rem;
    }

    .footer-logo {
        margin-bottom: 0.5rem;
    }

    .logo-image {
        height: 30px;
        width: auto;
    }

    .footer-links {
        display: flex;
        align-items: center;
        gap: 1rem;
    }

    .footer-link {
        color: var(--text-color);
        text-decoration: none;
        font-size: 0.9rem;
        transition: color 0.2s ease;
    }

    .footer-link:hover {
        color: var(--primary-color);
    }

    .footer-divider {
        color: #ccc;
    }

    .footer-copyright {
        font-size: 0.8rem;
    }

    .content-container {
        max-width: 600px;
        margin: 0 auto;
        padding: 1.5rem;
        background: white;
        border-radius: 12px;
        box-shadow: 0 2px 4px rgba(0,0,0,0.05);
        margin-bottom: 20px;
        overflow-y: auto;
        max-height: calc(100vh - 180px);
    }

    @media (max-width: 768px) {
        body {
            padding-bottom: 140px;
        }

        .footer-content {
            padding: 0 1rem;
        }

        .footer-links {
            flex-wrap: wrap;
            justify-content: center;
        }

        .content-container {
            margin: 1rem;
            max-height: calc(100vh - 200px);
        }
    }
>

	at java.base/jdk.internal.reflect.DirectConstructorHandleAccessor.newInstance(DirectConstructorHandleAccessor.java:62)
	at java.base/java.lang.reflect.Constructor.newInstanceWithCaller(Constructor.java:499)
	at java.base/java.lang.reflect.Constructor.newInstance(Constructor.java:483)
	at org.codehaus.groovy.reflection.CachedConstructor.invoke(CachedConstructor.java:73)
	at org.codehaus.groovy.runtime.callsite.ConstructorSite$ConstructorSiteNoUnwrapNoCoerce.callConstructor(ConstructorSite.java:108)
	at org.codehaus.groovy.runtime.callsite.AbstractCallSite.callConstructor(AbstractCallSite.java:277)
	at io.restassured.internal.ResponseSpecificationImpl$HamcrestAssertionClosure.validate(ResponseSpecificationImpl.groovy:512)
	at io.restassured.internal.ResponseSpecificationImpl$HamcrestAssertionClosure$validate$1.call(Unknown Source)
	at io.restassured.internal.ResponseSpecificationImpl.validateResponseIfRequired(ResponseSpecificationImpl.groovy:696)
	at io.restassured.internal.ResponseSpecificationImpl.this$2$validateResponseIfRequired(ResponseSpecificationImpl.groovy)
	at java.base/jdk.internal.reflect.DirectMethodHandleAccessor.invoke(DirectMethodHandleAccessor.java:104)
	at java.base/java.lang.reflect.Method.invoke(Method.java:565)
	at org.codehaus.groovy.runtime.callsite.PlainObjectMetaMethodSite.doInvoke(PlainObjectMetaMethodSite.java:43)
	at org.codehaus.groovy.runtime.callsite.PogoMetaMethodSite$PogoCachedMethodSiteNoUnwrapNoCoerce.invoke(PogoMetaMethodSite.java:198)
	at org.codehaus.groovy.runtime.callsite.PogoMetaMethodSite.callCurrent(PogoMetaMethodSite.java:62)
	at org.codehaus.groovy.runtime.callsite.AbstractCallSite.callCurrent(AbstractCallSite.java:185)
	at io.restassured.internal.ResponseSpecificationImpl.body(ResponseSpecificationImpl.groovy:270)
	at io.restassured.specification.ResponseSpecification$body$1.callCurrent(Unknown Source)
	at io.restassured.internal.ResponseSpecificationImpl.body(ResponseSpecificationImpl.groovy:117)
	at io.restassured.internal.ValidatableResponseOptionsImpl.body(ValidatableResponseOptionsImpl.java:244)
	at api.PatientApiTest.invalidCredentials_sessionReturnsAuthenticatedFalse(PatientApiTest.java:126)
	at java.base/java.lang.reflect.Method.invoke(Method.java:565)
	at java.base/java.util.ArrayList.forEach(ArrayList.java:1604)
	at java.base/java.util.ArrayList.forEach(ArrayList.java:1604)

api.PatientApiTest.createPatient_returns201WithNonNullUuid -- Time elapsed: 0.326 s <<< FAILURE!
java.lang.AssertionError: 
1 expectation failed.
Expected status code <201> but was <302>.

	at java.base/jdk.internal.reflect.DirectConstructorHandleAccessor.newInstance(DirectConstructorHandleAccessor.java:62)
	at java.base/java.lang.reflect.Constructor.newInstanceWithCaller(Constructor.java:499)
	at java.base/java.lang.reflect.Constructor.newInstance(Constructor.java:483)
	at org.codehaus.groovy.reflection.CachedConstructor.invoke(CachedConstructor.java:73)
	at org.codehaus.groovy.runtime.callsite.ConstructorSite$ConstructorSiteNoUnwrapNoCoerce.callConstructor(ConstructorSite.java:108)
	at org.codehaus.groovy.runtime.callsite.AbstractCallSite.callConstructor(AbstractCallSite.java:277)
	at io.restassured.internal.ResponseSpecificationImpl$HamcrestAssertionClosure.validate(ResponseSpecificationImpl.groovy:512)
	at io.restassured.internal.ResponseSpecificationImpl$HamcrestAssertionClosure$validate$1.call(Unknown Source)
	at io.restassured.internal.ResponseSpecificationImpl.validateResponseIfRequired(ResponseSpecificationImpl.groovy:696)
	at io.restassured.internal.ResponseSpecificationImpl.this$2$validateResponseIfRequired(ResponseSpecificationImpl.groovy)
	at java.base/jdk.internal.reflect.DirectMethodHandleAccessor.invoke(DirectMethodHandleAccessor.java:104)
	at java.base/java.lang.reflect.Method.invoke(Method.java:565)
	at org.codehaus.groovy.runtime.callsite.PlainObjectMetaMethodSite.doInvoke(PlainObjectMetaMethodSite.java:43)
	at org.codehaus.groovy.runtime.callsite.PogoMetaMethodSite$PogoCachedMethodSiteNoUnwrapNoCoerce.invoke(PogoMetaMethodSite.java:198)
	at org.codehaus.groovy.runtime.callsite.PogoMetaMethodSite.callCurrent(PogoMetaMethodSite.java:62)
	at org.codehaus.groovy.runtime.callsite.AbstractCallSite.callCurrent(AbstractCallSite.java:185)
	at io.restassured.internal.ResponseSpecificationImpl.statusCode(ResponseSpecificationImpl.groovy:135)
	at io.restassured.specification.ResponseSpecification$statusCode$0.callCurrent(Unknown Source)
	at io.restassured.internal.ResponseSpecificationImpl.statusCode(ResponseSpecificationImpl.groovy:143)
	at io.restassured.internal.ValidatableResponseOptionsImpl.statusCode(ValidatableResponseOptionsImpl.java:89)
	at api.PatientApiTest.createPatient_returns201WithNonNullUuid(PatientApiTest.java:146)
	at java.base/java.lang.reflect.Method.invoke(Method.java:565)
	at java.base/java.util.ArrayList.forEach(ArrayList.java:1604)
	at java.base/java.util.ArrayList.forEach(ArrayList.java:1604)

api.PatientApiTest.fetchNonExistentPatient_returns404 -- Time elapsed: 0.568 s <<< FAILURE!
java.lang.AssertionError: 
1 expectation failed.
Expected status code <404> but was <200>.

	at java.base/jdk.internal.reflect.DirectConstructorHandleAccessor.newInstance(DirectConstructorHandleAccessor.java:62)
	at java.base/java.lang.reflect.Constructor.newInstanceWithCaller(Constructor.java:499)
	at java.base/java.lang.reflect.Constructor.newInstance(Constructor.java:483)
	at org.codehaus.groovy.reflection.CachedConstructor.invoke(CachedConstructor.java:73)
	at org.codehaus.groovy.runtime.callsite.ConstructorSite$ConstructorSiteNoUnwrapNoCoerce.callConstructor(ConstructorSite.java:108)
	at org.codehaus.groovy.runtime.callsite.AbstractCallSite.callConstructor(AbstractCallSite.java:277)
	at io.restassured.internal.ResponseSpecificationImpl$HamcrestAssertionClosure.validate(ResponseSpecificationImpl.groovy:512)
	at io.restassured.internal.ResponseSpecificationImpl$HamcrestAssertionClosure$validate$1.call(Unknown Source)
	at io.restassured.internal.ResponseSpecificationImpl.validateResponseIfRequired(ResponseSpecificationImpl.groovy:696)
	at io.restassured.internal.ResponseSpecificationImpl.this$2$validateResponseIfRequired(ResponseSpecificationImpl.groovy)
	at java.base/jdk.internal.reflect.DirectMethodHandleAccessor.invoke(DirectMethodHandleAccessor.java:104)
	at java.base/java.lang.reflect.Method.invoke(Method.java:565)
	at org.codehaus.groovy.runtime.callsite.PlainObjectMetaMethodSite.doInvoke(PlainObjectMetaMethodSite.java:43)
	at org.codehaus.groovy.runtime.callsite.PogoMetaMethodSite$PogoCachedMethodSiteNoUnwrapNoCoerce.invoke(PogoMetaMethodSite.java:198)
	at org.codehaus.groovy.runtime.callsite.PogoMetaMethodSite.callCurrent(PogoMetaMethodSite.java:62)
	at org.codehaus.groovy.runtime.callsite.AbstractCallSite.callCurrent(AbstractCallSite.java:185)
	at io.restassured.internal.ResponseSpecificationImpl.statusCode(ResponseSpecificationImpl.groovy:135)
	at io.restassured.specification.ResponseSpecification$statusCode$0.callCurrent(Unknown Source)
	at io.restassured.internal.ResponseSpecificationImpl.statusCode(ResponseSpecificationImpl.groovy:143)
	at io.restassured.internal.ValidatableResponseOptionsImpl.statusCode(ValidatableResponseOptionsImpl.java:89)
	at api.PatientApiTest.fetchNonExistentPatient_returns404(PatientApiTest.java:237)
	at java.base/java.lang.reflect.Method.invoke(Method.java:565)
	at java.base/java.util.ArrayList.forEach(ArrayList.java:1604)
	at java.base/java.util.ArrayList.forEach(ArrayList.java:1604)

api.PatientApiTest.createPatientEmptyBody_returns400 -- Time elapsed: 0.194 s <<< FAILURE!
java.lang.AssertionError: 
1 expectation failed.
Expected status code <400> but was <302>.

	at java.base/jdk.internal.reflect.DirectConstructorHandleAccessor.newInstance(DirectConstructorHandleAccessor.java:62)
	at java.base/java.lang.reflect.Constructor.newInstanceWithCaller(Constructor.java:499)
	at java.base/java.lang.reflect.Constructor.newInstance(Constructor.java:483)
	at org.codehaus.groovy.reflection.CachedConstructor.invoke(CachedConstructor.java:73)
	at org.codehaus.groovy.runtime.callsite.ConstructorSite$ConstructorSiteNoUnwrapNoCoerce.callConstructor(ConstructorSite.java:108)
	at org.codehaus.groovy.runtime.callsite.AbstractCallSite.callConstructor(AbstractCallSite.java:277)
	at io.restassured.internal.ResponseSpecificationImpl$HamcrestAssertionClosure.validate(ResponseSpecificationImpl.groovy:512)
	at io.restassured.internal.ResponseSpecificationImpl$HamcrestAssertionClosure$validate$1.call(Unknown Source)
	at io.restassured.internal.ResponseSpecificationImpl.validateResponseIfRequired(ResponseSpecificationImpl.groovy:696)
	at io.restassured.internal.ResponseSpecificationImpl.this$2$validateResponseIfRequired(ResponseSpecificationImpl.groovy)
	at java.base/jdk.internal.reflect.DirectMethodHandleAccessor.invoke(DirectMethodHandleAccessor.java:104)
	at java.base/java.lang.reflect.Method.invoke(Method.java:565)
	at org.codehaus.groovy.runtime.callsite.PlainObjectMetaMethodSite.doInvoke(PlainObjectMetaMethodSite.java:43)
	at org.codehaus.groovy.runtime.callsite.PogoMetaMethodSite$PogoCachedMethodSiteNoUnwrapNoCoerce.invoke(PogoMetaMethodSite.java:198)
	at org.codehaus.groovy.runtime.callsite.PogoMetaMethodSite.callCurrent(PogoMetaMethodSite.java:62)
	at org.codehaus.groovy.runtime.callsite.AbstractCallSite.callCurrent(AbstractCallSite.java:185)
	at io.restassured.internal.ResponseSpecificationImpl.statusCode(ResponseSpecificationImpl.groovy:135)
	at io.restassured.specification.ResponseSpecification$statusCode$0.callCurrent(Unknown Source)
	at io.restassured.internal.ResponseSpecificationImpl.statusCode(ResponseSpecificationImpl.groovy:143)
	at io.restassured.internal.ValidatableResponseOptionsImpl.statusCode(ValidatableResponseOptionsImpl.java:89)
	at api.PatientApiTest.createPatientEmptyBody_returns400(PatientApiTest.java:254)
	at java.base/java.lang.reflect.Method.invoke(Method.java:565)
	at java.base/java.util.ArrayList.forEach(ArrayList.java:1604)
	at java.base/java.util.ArrayList.forEach(ArrayList.java:1604)

api.PatientApiTest.chainedLifecycle_createFetchDeleteVerifyVoided -- Time elapsed: 0.318 s <<< FAILURE!
java.lang.AssertionError: 
1 expectation failed.
Expected status code <201> but was <302>.

	at java.base/jdk.internal.reflect.DirectConstructorHandleAccessor.newInstance(DirectConstructorHandleAccessor.java:62)
	at java.base/java.lang.reflect.Constructor.newInstanceWithCaller(Constructor.java:499)
	at java.base/java.lang.reflect.Constructor.newInstance(Constructor.java:483)
	at org.codehaus.groovy.reflection.CachedConstructor.invoke(CachedConstructor.java:73)
	at org.codehaus.groovy.runtime.callsite.ConstructorSite$ConstructorSiteNoUnwrapNoCoerce.callConstructor(ConstructorSite.java:108)
	at org.codehaus.groovy.runtime.callsite.AbstractCallSite.callConstructor(AbstractCallSite.java:277)
	at io.restassured.internal.ResponseSpecificationImpl$HamcrestAssertionClosure.validate(ResponseSpecificationImpl.groovy:512)
	at io.restassured.internal.ResponseSpecificationImpl$HamcrestAssertionClosure$validate$1.call(Unknown Source)
	at io.restassured.internal.ResponseSpecificationImpl.validateResponseIfRequired(ResponseSpecificationImpl.groovy:696)
	at io.restassured.internal.ResponseSpecificationImpl.this$2$validateResponseIfRequired(ResponseSpecificationImpl.groovy)
	at java.base/jdk.internal.reflect.DirectMethodHandleAccessor.invoke(DirectMethodHandleAccessor.java:104)
	at java.base/java.lang.reflect.Method.invoke(Method.java:565)
	at org.codehaus.groovy.runtime.callsite.PlainObjectMetaMethodSite.doInvoke(PlainObjectMetaMethodSite.java:43)
	at org.codehaus.groovy.runtime.callsite.PogoMetaMethodSite$PogoCachedMethodSiteNoUnwrapNoCoerce.invoke(PogoMetaMethodSite.java:198)
	at org.codehaus.groovy.runtime.callsite.PogoMetaMethodSite.callCurrent(PogoMetaMethodSite.java:62)
	at org.codehaus.groovy.runtime.callsite.AbstractCallSite.callCurrent(AbstractCallSite.java:185)
	at io.restassured.internal.ResponseSpecificationImpl.statusCode(ResponseSpecificationImpl.groovy:135)
	at io.restassured.specification.ResponseSpecification$statusCode$0.callCurrent(Unknown Source)
	at io.restassured.internal.ResponseSpecificationImpl.statusCode(ResponseSpecificationImpl.groovy:143)
	at io.restassured.internal.ValidatableResponseOptionsImpl.statusCode(ValidatableResponseOptionsImpl.java:89)
	at api.PatientApiTest.createPatient(PatientApiTest.java:62)
	at api.PatientApiTest.chainedLifecycle_createFetchDeleteVerifyVoided(PatientApiTest.java:269)
	at java.base/java.lang.reflect.Method.invoke(Method.java:565)
	at java.base/java.util.ArrayList.forEach(ArrayList.java:1604)
	at java.base/java.util.ArrayList.forEach(ArrayList.java:1604)

